<?xml version="1.0" encoding="UTF-8"?>
<coverage generated="1774248164931" clover="3.2.0">
  <project timestamp="1774248164931" name="All files">
    <metrics statements="112" coveredstatements="105" conditionals="76" coveredconditionals="66" methods="45" coveredmethods="38" elements="233" coveredelements="209" complexity="0" loc="112" ncloc="112" packages="3" files="4" classes="4"/>
    <package name="components">
      <metrics statements="73" coveredstatements="67" conditionals="54" coveredconditionals="47" methods="23" coveredmethods="19"/>
      <file name="AddExpense.jsx" path="C:\Users\muruna\expense-tracker\src\components\AddExpense.jsx">
        <metrics statements="34" coveredstatements="31" conditionals="18" coveredconditionals="16" methods="10" coveredmethods="9"/>
        <line num="5" count="2" type="stmt"/>
        <line num="6" count="2" type="stmt"/>
        <line num="9" count="22" type="stmt"/>
        <line num="10" count="22" type="stmt"/>
        <line num="11" count="22" type="stmt"/>
        <line num="12" count="22" type="stmt"/>
        <line num="13" count="22" type="stmt"/>
        <line num="14" count="22" type="stmt"/>
        <line num="16" count="22" type="cond" truecount="2" falsecount="0"/>
        <line num="18" count="22" type="stmt"/>
        <line num="19" count="3" type="stmt"/>
        <line num="20" count="3" type="cond" truecount="1" falsecount="1"/>
        <line num="21" count="3" type="stmt"/>
        <line num="24" count="22" type="stmt"/>
        <line num="25" count="5" type="stmt"/>
        <line num="28" count="5" type="cond" truecount="2" falsecount="0"/>
        <line num="29" count="3" type="stmt"/>
        <line num="30" count="3" type="stmt"/>
        <line num="32" count="2" type="cond" truecount="4" falsecount="0"/>
        <line num="33" count="1" type="stmt"/>
        <line num="34" count="1" type="stmt"/>
        <line num="36" count="1" type="cond" truecount="1" falsecount="1"/>
        <line num="37" count="1" type="stmt"/>
        <line num="38" count="1" type="stmt"/>
        <line num="41" count="0" type="stmt"/>
        <line num="42" count="0" type="stmt"/>
        <line num="52" count="22" type="stmt"/>
        <line num="75" count="0" type="cond" truecount="2" falsecount="0"/>
        <line num="78" count="3" type="cond" truecount="2" falsecount="0"/>
        <line num="87" count="3" type="stmt"/>
        <line num="95" count="2" type="stmt"/>
        <line num="103" count="1" type="stmt"/>
        <line num="104" count="151" type="stmt"/>
        <line num="113" count="1" type="stmt"/>
      </file>
      <file name="ExpenseDetail.jsx" path="C:\Users\muruna\expense-tracker\src\components\ExpenseDetail.jsx">
        <metrics statements="39" coveredstatements="36" conditionals="36" coveredconditionals="31" methods="13" coveredmethods="10"/>
        <line num="5" count="2" type="stmt"/>
        <line num="6" count="2" type="stmt"/>
        <line num="9" count="24" type="stmt"/>
        <line num="10" count="24" type="cond" truecount="1" falsecount="1"/>
        <line num="11" count="24" type="stmt"/>
        <line num="12" count="24" type="stmt"/>
        <line num="13" count="24" type="cond" truecount="1" falsecount="1"/>
        <line num="14" count="24" type="stmt"/>
        <line num="15" count="24" type="stmt"/>
        <line num="17" count="24" type="cond" truecount="1" falsecount="1"/>
        <line num="19" count="24" type="stmt"/>
        <line num="20" count="24" type="cond" truecount="2" falsecount="0"/>
        <line num="22" count="24" type="stmt"/>
        <line num="23" count="1" type="stmt"/>
        <line num="24" count="1" type="cond" truecount="1" falsecount="1"/>
        <line num="27" count="24" type="stmt"/>
        <line num="28" count="3" type="stmt"/>
        <line num="31" count="3" type="cond" truecount="2" falsecount="0"/>
        <line num="32" count="1" type="stmt"/>
        <line num="33" count="1" type="stmt"/>
        <line num="35" count="2" type="cond" truecount="4" falsecount="0"/>
        <line num="36" count="1" type="stmt"/>
        <line num="37" count="1" type="stmt"/>
        <line num="40" count="1" type="stmt"/>
        <line num="41" count="1" type="stmt"/>
        <line num="49" count="1" type="stmt"/>
        <line num="52" count="24" type="cond" truecount="2" falsecount="0"/>
        <line num="53" count="12" type="stmt"/>
        <line num="85" count="6" type="stmt"/>
        <line num="88" count="1" type="stmt"/>
        <line num="96" count="12" type="stmt"/>
        <line num="100" count="1" type="stmt"/>
        <line num="113" count="0" type="cond" truecount="2" falsecount="0"/>
        <line num="116" count="1" type="cond" truecount="2" falsecount="0"/>
        <line num="125" count="2" type="stmt"/>
        <line num="133" count="1" type="stmt"/>
        <line num="141" count="0" type="stmt"/>
        <line num="142" count="83" type="stmt"/>
        <line num="151" count="0" type="stmt"/>
      </file>
    </package>
    <package name="hooks">
      <metrics statements="27" coveredstatements="27" conditionals="10" coveredconditionals="10" methods="14" coveredmethods="14"/>
      <file name="useTransactions.js" path="C:\Users\muruna\expense-tracker\src\hooks\useTransactions.js">
        <metrics statements="27" coveredstatements="27" conditionals="10" coveredconditionals="10" methods="14" coveredmethods="14"/>
        <line num="4" count="17" type="stmt"/>
        <line num="5" count="17" type="stmt"/>
        <line num="6" count="17" type="stmt"/>
        <line num="7" count="17" type="stmt"/>
        <line num="8" count="17" type="stmt"/>
        <line num="10" count="17" type="stmt"/>
        <line num="11" count="16" type="stmt"/>
        <line num="12" count="16" type="stmt"/>
        <line num="13" count="16" type="stmt"/>
        <line num="16" count="17" type="stmt"/>
        <line num="17" count="2" type="cond" truecount="2" falsecount="0"/>
        <line num="18" count="2" type="stmt"/>
        <line num="21" count="17" type="stmt"/>
        <line num="22" count="2" type="stmt"/>
        <line num="23" count="7" type="stmt"/>
        <line num="24" count="2" type="stmt"/>
        <line num="25" count="2" type="cond" truecount="4" falsecount="0"/>
        <line num="26" count="1" type="stmt"/>
        <line num="28" count="2" type="stmt"/>
        <line num="30" count="2" type="stmt"/>
        <line num="33" count="17" type="stmt"/>
        <line num="34" count="28" type="stmt"/>
        <line num="35" count="28" type="cond" truecount="2" falsecount="0"/>
        <line num="38" count="18" type="stmt"/>
        <line num="39" count="17" type="cond" truecount="2" falsecount="0"/>
        <line num="40" count="17" type="stmt"/>
        <line num="42" count="17" type="stmt"/>
      </file>
    </package>
    <package name="pages">
      <metrics statements="12" coveredstatements="11" conditionals="12" coveredconditionals="9" methods="8" coveredmethods="5"/>
      <file name="Home.jsx" path="C:\Users\muruna\expense-tracker\src\pages\Home.jsx">
        <metrics statements="12" coveredstatements="11" conditionals="12" coveredconditionals="9" methods="8" coveredmethods="5"/>
        <line num="7" count="1" type="stmt"/>
        <line num="25" count="11" type="stmt"/>
        <line num="28" count="11" type="stmt"/>
        <line num="30" count="11" type="cond" truecount="1" falsecount="1"/>
        <line num="32" count="11" type="cond" truecount="2" falsecount="0"/>
        <line num="33" count="1" type="stmt"/>
        <line num="36" count="0" type="stmt"/>
        <line num="45" count="10" type="stmt"/>
        <line num="53" count="1" type="stmt"/>
        <line num="97" count="7" type="stmt"/>
        <line num="114" count="2" type="stmt"/>
        <line num="115" count="1" type="stmt"/>
      </file>
    </package>
  </project>
</coverage>
