{"C:\\Users\\muruna\\expense-tracker\\src\\components\\AddExpense.jsx": {"path":"C:\\Users\\muruna\\expense-tracker\\src\\components\\AddExpense.jsx","statementMap":{"0":{"start":{"line":5,"column":26},"end":{"line":5,"column":null}},"1":{"start":{"line":6,"column":25},"end":{"line":6,"column":null}},"2":{"start":{"line":9,"column":15},"end":{"line":9,"column":45}},"3":{"start":{"line":10,"column":16},"end":{"line":10,"column":40}},"4":{"start":{"line":11,"column":17},"end":{"line":11,"column":42}},"5":{"start":{"line":12,"column":19},"end":{"line":12,"column":50}},"6":{"start":{"line":13,"column":15},"end":{"line":13,"column":74}},"7":{"start":{"line":14,"column":16},"end":{"line":14,"column":40}},"8":{"start":{"line":16,"column":28},"end":{"line":16,"column":null}},"9":{"start":{"line":18,"column":8},"end":{"line":21,"column":null}},"10":{"start":{"line":19,"column":4},"end":{"line":19,"column":null}},"11":{"start":{"line":20,"column":4},"end":{"line":20,"column":null}},"12":{"start":{"line":21,"column":4},"end":{"line":21,"column":null}},"13":{"start":{"line":24,"column":8},"end":{"line":49,"column":null}},"14":{"start":{"line":25,"column":4},"end":{"line":25,"column":null}},"15":{"start":{"line":28,"column":4},"end":{"line":30,"column":null}},"16":{"start":{"line":29,"column":6},"end":{"line":29,"column":null}},"17":{"start":{"line":30,"column":6},"end":{"line":30,"column":null}},"18":{"start":{"line":32,"column":4},"end":{"line":34,"column":null}},"19":{"start":{"line":33,"column":6},"end":{"line":33,"column":null}},"20":{"start":{"line":34,"column":6},"end":{"line":34,"column":null}},"21":{"start":{"line":36,"column":4},"end":{"line":38,"column":null}},"22":{"start":{"line":37,"column":6},"end":{"line":37,"column":null}},"23":{"start":{"line":38,"column":6},"end":{"line":38,"column":null}},"24":{"start":{"line":41,"column":4},"end":{"line":41,"column":null}},"25":{"start":{"line":42,"column":4},"end":{"line":49,"column":null}},"26":{"start":{"line":52,"column":2},"end":{"line":119,"column":null}},"27":{"start":{"line":75,"column":49},"end":{"line":75,"column":76}},"28":{"start":{"line":78,"column":49},"end":{"line":78,"column":75}},"29":{"start":{"line":87,"column":64},"end":{"line":87,"column":88}},"30":{"start":{"line":95,"column":79},"end":{"line":95,"column":104}},"31":{"start":{"line":103,"column":56},"end":{"line":103,"column":83}},"32":{"start":{"line":104,"column":46},"end":{"line":104,"column":null}},"33":{"start":{"line":113,"column":63},"end":{"line":113,"column":86}}},"fnMap":{"0":{"name":"AddExpense","decl":{"start":{"line":8,"column":9},"end":{"line":8,"column":20}},"loc":{"start":{"line":8,"column":39},"end":{"line":119,"column":null}},"line":8},"1":{"name":"(anonymous_1)","decl":{"start":{"line":18,"column":8},"end":{"line":18,"column":28}},"loc":{"start":{"line":18,"column":40},"end":{"line":21,"column":null}},"line":18},"2":{"name":"(anonymous_2)","decl":{"start":{"line":24,"column":8},"end":{"line":24,"column":24}},"loc":{"start":{"line":24,"column":30},"end":{"line":49,"column":null}},"line":24},"3":{"name":"(anonymous_3)","decl":{"start":{"line":75,"column":34},"end":{"line":75,"column":49}},"loc":{"start":{"line":75,"column":49},"end":{"line":75,"column":76}},"line":75},"4":{"name":"(anonymous_4)","decl":{"start":{"line":78,"column":34},"end":{"line":78,"column":49}},"loc":{"start":{"line":78,"column":49},"end":{"line":78,"column":75}},"line":78},"5":{"name":"(anonymous_5)","decl":{"start":{"line":87,"column":47},"end":{"line":87,"column":58}},"loc":{"start":{"line":87,"column":64},"end":{"line":87,"column":88}},"line":87},"6":{"name":"(anonymous_6)","decl":{"start":{"line":95,"column":62},"end":{"line":95,"column":73}},"loc":{"start":{"line":95,"column":79},"end":{"line":95,"column":104}},"line":95},"7":{"name":"(anonymous_7)","decl":{"start":{"line":103,"column":39},"end":{"line":103,"column":50}},"loc":{"start":{"line":103,"column":56},"end":{"line":103,"column":83}},"line":103},"8":{"name":"(anonymous_8)","decl":{"start":{"line":104,"column":35},"end":{"line":104,"column":39}},"loc":{"start":{"line":104,"column":46},"end":{"line":104,"column":null}},"line":104},"9":{"name":"(anonymous_9)","decl":{"start":{"line":113,"column":46},"end":{"line":113,"column":57}},"loc":{"start":{"line":113,"column":63},"end":{"line":113,"column":86}},"line":113}},"branchMap":{"0":{"loc":{"start":{"line":16,"column":28},"end":{"line":16,"column":null}},"type":"cond-expr","locations":[{"start":{"line":16,"column":49},"end":{"line":16,"column":69}},{"start":{"line":16,"column":69},"end":{"line":16,"column":null}}],"line":16},"1":{"loc":{"start":{"line":20,"column":16},"end":{"line":20,"column":83}},"type":"cond-expr","locations":[{"start":{"line":20,"column":40},"end":{"line":20,"column":63}},{"start":{"line":20,"column":63},"end":{"line":20,"column":83}}],"line":20},"2":{"loc":{"start":{"line":28,"column":4},"end":{"line":30,"column":null}},"type":"if","locations":[{"start":{"line":28,"column":4},"end":{"line":30,"column":null}},{"start":{},"end":{}}],"line":28},"3":{"loc":{"start":{"line":32,"column":4},"end":{"line":34,"column":null}},"type":"if","locations":[{"start":{"line":32,"column":4},"end":{"line":34,"column":null}},{"start":{},"end":{}}],"line":32},"4":{"loc":{"start":{"line":32,"column":8},"end":{"line":32,"column":44}},"type":"binary-expr","locations":[{"start":{"line":32,"column":8},"end":{"line":32,"column":35}},{"start":{"line":32,"column":35},"end":{"line":32,"column":44}}],"line":32},"5":{"loc":{"start":{"line":36,"column":4},"end":{"line":38,"column":null}},"type":"if","locations":[{"start":{"line":36,"column":4},"end":{"line":38,"column":null}},{"start":{},"end":{}}],"line":36},"6":{"loc":{"start":{"line":66,"column":9},"end":{"line":73,"column":9}},"type":"binary-expr","locations":[{"start":{"line":66,"column":9},"end":{"line":66,"column":null}},{"start":{"line":67,"column":10},"end":{"line":73,"column":9}}],"line":66},"7":{"loc":{"start":{"line":75,"column":152},"end":{"line":75,"column":249}},"type":"cond-expr","locations":[{"start":{"line":75,"column":173},"end":{"line":75,"column":210}},{"start":{"line":75,"column":210},"end":{"line":75,"column":249}}],"line":75},"8":{"loc":{"start":{"line":78,"column":151},"end":{"line":78,"column":247}},"type":"cond-expr","locations":[{"start":{"line":78,"column":171},"end":{"line":78,"column":208}},{"start":{"line":78,"column":208},"end":{"line":78,"column":247}}],"line":78}},"s":{"0":2,"1":2,"2":22,"3":22,"4":22,"5":22,"6":22,"7":22,"8":22,"9":22,"10":3,"11":3,"12":3,"13":22,"14":5,"15":5,"16":3,"17":3,"18":2,"19":1,"20":1,"21":1,"22":1,"23":1,"24":0,"25":0,"26":22,"27":0,"28":3,"29":3,"30":2,"31":1,"32":151,"33":1},"f":{"0":22,"1":3,"2":5,"3":0,"4":3,"5":3,"6":2,"7":1,"8":151,"9":1},"b":{"0":[19,3],"1":[0,3],"2":[3,2],"3":[1,1],"4":[2,1],"5":[1,0],"6":[22,5],"7":[19,3],"8":[3,19]},"meta":{"lastBranch":9,"lastFunction":10,"lastStatement":34,"seen":{"s:5:26:5:Infinity":0,"s:6:25:6:Infinity":1,"f:8:9:8:20":0,"s:9:15:9:45":2,"s:10:16:10:40":3,"s:11:17:11:42":4,"s:12:19:12:50":5,"s:13:15:13:74":6,"s:14:16:14:40":7,"s:16:28:16:Infinity":8,"b:16:49:16:69:16:69:16:Infinity":0,"s:18:8:21:Infinity":9,"f:18:8:18:28":1,"s:19:4:19:Infinity":10,"s:20:4:20:Infinity":11,"b:20:40:20:63:20:63:20:83":1,"s:21:4:21:Infinity":12,"s:24:8:49:Infinity":13,"f:24:8:24:24":2,"s:25:4:25:Infinity":14,"b:28:4:30:Infinity:undefined:undefined:undefined:undefined":2,"s:28:4:30:Infinity":15,"s:29:6:29:Infinity":16,"s:30:6:30:Infinity":17,"b:32:4:34:Infinity:undefined:undefined:undefined:undefined":3,"s:32:4:34:Infinity":18,"b:32:8:32:35:32:35:32:44":4,"s:33:6:33:Infinity":19,"s:34:6:34:Infinity":20,"b:36:4:38:Infinity:undefined:undefined:undefined:undefined":5,"s:36:4:38:Infinity":21,"s:37:6:37:Infinity":22,"s:38:6:38:Infinity":23,"s:41:4:41:Infinity":24,"s:42:4:49:Infinity":25,"s:52:2:119:Infinity":26,"b:66:9:66:Infinity:67:10:73:9":6,"f:75:34:75:49":3,"s:75:49:75:76":27,"b:75:173:75:210:75:210:75:249":7,"f:78:34:78:49":4,"s:78:49:78:75":28,"b:78:171:78:208:78:208:78:247":8,"f:87:47:87:58":5,"s:87:64:87:88":29,"f:95:62:95:73":6,"s:95:79:95:104":30,"f:103:39:103:50":7,"s:103:56:103:83":31,"f:104:35:104:39":8,"s:104:46:104:Infinity":32,"f:113:46:113:57":9,"s:113:63:113:86":33}}}
,"C:\\Users\\muruna\\expense-tracker\\src\\components\\ExpenseDetail.jsx": {"path":"C:\\Users\\muruna\\expense-tracker\\src\\components\\ExpenseDetail.jsx","statementMap":{"0":{"start":{"line":5,"column":26},"end":{"line":5,"column":null}},"1":{"start":{"line":6,"column":25},"end":{"line":6,"column":null}},"2":{"start":{"line":9,"column":20},"end":{"line":9,"column":51}},"3":{"start":{"line":10,"column":15},"end":{"line":10,"column":61}},"4":{"start":{"line":11,"column":16},"end":{"line":11,"column":51}},"5":{"start":{"line":12,"column":17},"end":{"line":12,"column":54}},"6":{"start":{"line":13,"column":19},"end":{"line":13,"column":71}},"7":{"start":{"line":14,"column":15},"end":{"line":14,"column":48}},"8":{"start":{"line":15,"column":20},"end":{"line":15,"column":48}},"9":{"start":{"line":17,"column":2},"end":{"line":17,"column":null}},"10":{"start":{"line":17,"column":16},"end":{"line":17,"column":null}},"11":{"start":{"line":19,"column":19},"end":{"line":19,"column":null}},"12":{"start":{"line":20,"column":28},"end":{"line":20,"column":null}},"13":{"start":{"line":22,"column":8},"end":{"line":24,"column":null}},"14":{"start":{"line":23,"column":4},"end":{"line":23,"column":null}},"15":{"start":{"line":24,"column":4},"end":{"line":24,"column":null}},"16":{"start":{"line":27,"column":8},"end":{"line":49,"column":null}},"17":{"start":{"line":28,"column":4},"end":{"line":28,"column":null}},"18":{"start":{"line":31,"column":4},"end":{"line":33,"column":null}},"19":{"start":{"line":32,"column":6},"end":{"line":32,"column":null}},"20":{"start":{"line":33,"column":6},"end":{"line":33,"column":null}},"21":{"start":{"line":35,"column":4},"end":{"line":37,"column":null}},"22":{"start":{"line":36,"column":6},"end":{"line":36,"column":null}},"23":{"start":{"line":37,"column":6},"end":{"line":37,"column":null}},"24":{"start":{"line":40,"column":4},"end":{"line":40,"column":null}},"25":{"start":{"line":41,"column":4},"end":{"line":48,"column":null}},"26":{"start":{"line":49,"column":4},"end":{"line":49,"column":null}},"27":{"start":{"line":52,"column":2},"end":{"line":89,"column":null}},"28":{"start":{"line":53,"column":4},"end":{"line":89,"column":null}},"29":{"start":{"line":85,"column":33},"end":{"line":85,"column":51}},"30":{"start":{"line":88,"column":33},"end":{"line":88,"column":53}},"31":{"start":{"line":96,"column":2},"end":{"line":156,"column":null}},"32":{"start":{"line":100,"column":31},"end":{"line":100,"column":50}},"33":{"start":{"line":113,"column":47},"end":{"line":113,"column":74}},"34":{"start":{"line":116,"column":47},"end":{"line":116,"column":73}},"35":{"start":{"line":125,"column":62},"end":{"line":125,"column":86}},"36":{"start":{"line":133,"column":77},"end":{"line":133,"column":102}},"37":{"start":{"line":141,"column":54},"end":{"line":141,"column":81}},"38":{"start":{"line":142,"column":44},"end":{"line":142,"column":null}},"39":{"start":{"line":151,"column":61},"end":{"line":151,"column":84}}},"fnMap":{"0":{"name":"ExpenseDetail","decl":{"start":{"line":8,"column":9},"end":{"line":8,"column":23}},"loc":{"start":{"line":8,"column":56},"end":{"line":156,"column":null}},"line":8},"1":{"name":"(anonymous_1)","decl":{"start":{"line":22,"column":8},"end":{"line":22,"column":28}},"loc":{"start":{"line":22,"column":40},"end":{"line":24,"column":null}},"line":22},"2":{"name":"(anonymous_2)","decl":{"start":{"line":27,"column":8},"end":{"line":27,"column":22}},"loc":{"start":{"line":27,"column":28},"end":{"line":49,"column":null}},"line":27},"3":{"name":"(anonymous_3)","decl":{"start":{"line":85,"column":18},"end":{"line":85,"column":33}},"loc":{"start":{"line":85,"column":33},"end":{"line":85,"column":51}},"line":85},"4":{"name":"(anonymous_4)","decl":{"start":{"line":88,"column":18},"end":{"line":88,"column":33}},"loc":{"start":{"line":88,"column":33},"end":{"line":88,"column":53}},"line":88},"5":{"name":"(anonymous_5)","decl":{"start":{"line":100,"column":16},"end":{"line":100,"column":31}},"loc":{"start":{"line":100,"column":31},"end":{"line":100,"column":50}},"line":100},"6":{"name":"(anonymous_6)","decl":{"start":{"line":113,"column":32},"end":{"line":113,"column":47}},"loc":{"start":{"line":113,"column":47},"end":{"line":113,"column":74}},"line":113},"7":{"name":"(anonymous_7)","decl":{"start":{"line":116,"column":32},"end":{"line":116,"column":47}},"loc":{"start":{"line":116,"column":47},"end":{"line":116,"column":73}},"line":116},"8":{"name":"(anonymous_8)","decl":{"start":{"line":125,"column":45},"end":{"line":125,"column":56}},"loc":{"start":{"line":125,"column":62},"end":{"line":125,"column":86}},"line":125},"9":{"name":"(anonymous_9)","decl":{"start":{"line":133,"column":60},"end":{"line":133,"column":71}},"loc":{"start":{"line":133,"column":77},"end":{"line":133,"column":102}},"line":133},"10":{"name":"(anonymous_10)","decl":{"start":{"line":141,"column":37},"end":{"line":141,"column":48}},"loc":{"start":{"line":141,"column":54},"end":{"line":141,"column":81}},"line":141},"11":{"name":"(anonymous_11)","decl":{"start":{"line":142,"column":33},"end":{"line":142,"column":37}},"loc":{"start":{"line":142,"column":44},"end":{"line":142,"column":null}},"line":142},"12":{"name":"(anonymous_12)","decl":{"start":{"line":151,"column":44},"end":{"line":151,"column":55}},"loc":{"start":{"line":151,"column":61},"end":{"line":151,"column":84}},"line":151}},"branchMap":{"0":{"loc":{"start":{"line":10,"column":35},"end":{"line":10,"column":61}},"type":"binary-expr","locations":[{"start":{"line":10,"column":35},"end":{"line":10,"column":51}},{"start":{"line":10,"column":51},"end":{"line":10,"column":61}}],"line":10},"1":{"loc":{"start":{"line":13,"column":43},"end":{"line":13,"column":71}},"type":"binary-expr","locations":[{"start":{"line":13,"column":43},"end":{"line":13,"column":63}},{"start":{"line":13,"column":63},"end":{"line":13,"column":71}}],"line":13},"2":{"loc":{"start":{"line":17,"column":2},"end":{"line":17,"column":null}},"type":"if","locations":[{"start":{"line":17,"column":2},"end":{"line":17,"column":null}},{"start":{},"end":{}}],"line":17},"3":{"loc":{"start":{"line":20,"column":28},"end":{"line":20,"column":null}},"type":"cond-expr","locations":[{"start":{"line":20,"column":49},"end":{"line":20,"column":69}},{"start":{"line":20,"column":69},"end":{"line":20,"column":null}}],"line":20},"4":{"loc":{"start":{"line":24,"column":16},"end":{"line":24,"column":83}},"type":"cond-expr","locations":[{"start":{"line":24,"column":40},"end":{"line":24,"column":63}},{"start":{"line":24,"column":63},"end":{"line":24,"column":83}}],"line":24},"5":{"loc":{"start":{"line":31,"column":4},"end":{"line":33,"column":null}},"type":"if","locations":[{"start":{"line":31,"column":4},"end":{"line":33,"column":null}},{"start":{},"end":{}}],"line":31},"6":{"loc":{"start":{"line":35,"column":4},"end":{"line":37,"column":null}},"type":"if","locations":[{"start":{"line":35,"column":4},"end":{"line":37,"column":null}},{"start":{},"end":{}}],"line":35},"7":{"loc":{"start":{"line":35,"column":8},"end":{"line":35,"column":44}},"type":"binary-expr","locations":[{"start":{"line":35,"column":8},"end":{"line":35,"column":35}},{"start":{"line":35,"column":35},"end":{"line":35,"column":44}}],"line":35},"8":{"loc":{"start":{"line":52,"column":2},"end":{"line":89,"column":null}},"type":"if","locations":[{"start":{"line":52,"column":2},"end":{"line":89,"column":null}},{"start":{},"end":{}}],"line":52},"9":{"loc":{"start":{"line":56,"column":100},"end":{"line":56,"column":null}},"type":"cond-expr","locations":[{"start":{"line":56,"column":111},"end":{"line":56,"column":183}},{"start":{"line":56,"column":183},"end":{"line":56,"column":null}}],"line":56},"10":{"loc":{"start":{"line":57,"column":13},"end":{"line":57,"column":null}},"type":"cond-expr","locations":[{"start":{"line":57,"column":24},"end":{"line":57,"column":73}},{"start":{"line":57,"column":72},"end":{"line":57,"column":null}}],"line":57},"11":{"loc":{"start":{"line":60,"column":13},"end":{"line":60,"column":null}},"type":"cond-expr","locations":[{"start":{"line":60,"column":24},"end":{"line":60,"column":35}},{"start":{"line":60,"column":35},"end":{"line":60,"column":null}}],"line":60},"12":{"loc":{"start":{"line":62,"column":47},"end":{"line":62,"column":null}},"type":"cond-expr","locations":[{"start":{"line":62,"column":58},"end":{"line":62,"column":77}},{"start":{"line":62,"column":77},"end":{"line":62,"column":null}}],"line":62},"13":{"loc":{"start":{"line":63,"column":13},"end":{"line":63,"column":35}},"type":"cond-expr","locations":[{"start":{"line":63,"column":24},"end":{"line":63,"column":30}},{"start":{"line":63,"column":30},"end":{"line":63,"column":35}}],"line":63},"14":{"loc":{"start":{"line":74,"column":99},"end":{"line":74,"column":134}},"type":"binary-expr","locations":[{"start":{"line":74,"column":99},"end":{"line":74,"column":119}},{"start":{"line":74,"column":119},"end":{"line":74,"column":134}}],"line":74},"15":{"loc":{"start":{"line":105,"column":7},"end":{"line":107,"column":null}},"type":"binary-expr","locations":[{"start":{"line":105,"column":7},"end":{"line":105,"column":null}},{"start":{"line":106,"column":8},"end":{"line":107,"column":null}}],"line":105},"16":{"loc":{"start":{"line":113,"column":150},"end":{"line":113,"column":247}},"type":"cond-expr","locations":[{"start":{"line":113,"column":171},"end":{"line":113,"column":208}},{"start":{"line":113,"column":208},"end":{"line":113,"column":247}}],"line":113},"17":{"loc":{"start":{"line":116,"column":149},"end":{"line":116,"column":245}},"type":"cond-expr","locations":[{"start":{"line":116,"column":169},"end":{"line":116,"column":206}},{"start":{"line":116,"column":206},"end":{"line":116,"column":245}}],"line":116}},"s":{"0":2,"1":2,"2":24,"3":24,"4":24,"5":24,"6":24,"7":24,"8":24,"9":24,"10":0,"11":24,"12":24,"13":24,"14":1,"15":1,"16":24,"17":3,"18":3,"19":1,"20":1,"21":2,"22":1,"23":1,"24":1,"25":1,"26":1,"27":24,"28":12,"29":6,"30":1,"31":12,"32":1,"33":0,"34":1,"35":2,"36":1,"37":0,"38":83,"39":0},"f":{"0":24,"1":1,"2":3,"3":6,"4":1,"5":1,"6":0,"7":1,"8":2,"9":1,"10":0,"11":83,"12":0},"b":{"0":[24,0],"1":[24,0],"2":[0,24],"3":[22,2],"4":[0,1],"5":[1,2],"6":[1,1],"7":[2,1],"8":[12,12],"9":[1,11],"10":[1,11],"11":[1,11],"12":[1,11],"13":[1,11],"14":[12,0],"15":[12,2],"16":[11,1],"17":[1,11]},"meta":{"lastBranch":18,"lastFunction":13,"lastStatement":40,"seen":{"s:5:26:5:Infinity":0,"s:6:25:6:Infinity":1,"f:8:9:8:23":0,"s:9:20:9:51":2,"s:10:15:10:61":3,"b:10:35:10:51:10:51:10:61":0,"s:11:16:11:51":4,"s:12:17:12:54":5,"s:13:19:13:71":6,"b:13:43:13:63:13:63:13:71":1,"s:14:15:14:48":7,"s:15:20:15:48":8,"b:17:2:17:Infinity:undefined:undefined:undefined:undefined":2,"s:17:2:17:Infinity":9,"s:17:16:17:Infinity":10,"s:19:19:19:Infinity":11,"s:20:28:20:Infinity":12,"b:20:49:20:69:20:69:20:Infinity":3,"s:22:8:24:Infinity":13,"f:22:8:22:28":1,"s:23:4:23:Infinity":14,"s:24:4:24:Infinity":15,"b:24:40:24:63:24:63:24:83":4,"s:27:8:49:Infinity":16,"f:27:8:27:22":2,"s:28:4:28:Infinity":17,"b:31:4:33:Infinity:undefined:undefined:undefined:undefined":5,"s:31:4:33:Infinity":18,"s:32:6:32:Infinity":19,"s:33:6:33:Infinity":20,"b:35:4:37:Infinity:undefined:undefined:undefined:undefined":6,"s:35:4:37:Infinity":21,"b:35:8:35:35:35:35:35:44":7,"s:36:6:36:Infinity":22,"s:37:6:37:Infinity":23,"s:40:4:40:Infinity":24,"s:41:4:48:Infinity":25,"s:49:4:49:Infinity":26,"b:52:2:89:Infinity:undefined:undefined:undefined:undefined":8,"s:52:2:89:Infinity":27,"s:53:4:89:Infinity":28,"b:56:111:56:183:56:183:56:Infinity":9,"b:57:24:57:73:57:72:57:Infinity":10,"b:60:24:60:35:60:35:60:Infinity":11,"b:62:58:62:77:62:77:62:Infinity":12,"b:63:24:63:30:63:30:63:35":13,"b:74:99:74:119:74:119:74:134":14,"f:85:18:85:33":3,"s:85:33:85:51":29,"f:88:18:88:33":4,"s:88:33:88:53":30,"s:96:2:156:Infinity":31,"f:100:16:100:31":5,"s:100:31:100:50":32,"b:105:7:105:Infinity:106:8:107:Infinity":15,"f:113:32:113:47":6,"s:113:47:113:74":33,"b:113:171:113:208:113:208:113:247":16,"f:116:32:116:47":7,"s:116:47:116:73":34,"b:116:169:116:206:116:206:116:245":17,"f:125:45:125:56":8,"s:125:62:125:86":35,"f:133:60:133:71":9,"s:133:77:133:102":36,"f:141:37:141:48":10,"s:141:54:141:81":37,"f:142:33:142:37":11,"s:142:44:142:Infinity":38,"f:151:44:151:55":12,"s:151:61:151:84":39}}}
,"C:\\Users\\muruna\\expense-tracker\\src\\hooks\\useTransactions.js": {"path":"C:\\Users\\muruna\\expense-tracker\\src\\hooks\\useTransactions.js","statementMap":{"0":{"start":{"line":4,"column":23},"end":{"line":4,"column":54}},"1":{"start":{"line":5,"column":19},"end":{"line":5,"column":48}},"2":{"start":{"line":6,"column":19},"end":{"line":6,"column":49}},"3":{"start":{"line":7,"column":22},"end":{"line":7,"column":51}},"4":{"start":{"line":8,"column":23},"end":{"line":8,"column":null}},"5":{"start":{"line":10,"column":8},"end":{"line":13,"column":null}},"6":{"start":{"line":11,"column":4},"end":{"line":11,"column":null}},"7":{"start":{"line":11,"column":30},"end":{"line":11,"column":52}},"8":{"start":{"line":12,"column":4},"end":{"line":12,"column":null}},"9":{"start":{"line":13,"column":4},"end":{"line":13,"column":null}},"10":{"start":{"line":16,"column":8},"end":{"line":18,"column":null}},"11":{"start":{"line":17,"column":4},"end":{"line":17,"column":null}},"12":{"start":{"line":17,"column":30},"end":{"line":17,"column":82}},"13":{"start":{"line":17,"column":47},"end":{"line":17,"column":82}},"14":{"start":{"line":18,"column":4},"end":{"line":18,"column":null}},"15":{"start":{"line":21,"column":8},"end":{"line":30,"column":null}},"16":{"start":{"line":22,"column":4},"end":{"line":29,"column":null}},"17":{"start":{"line":23,"column":22},"end":{"line":23,"column":53}},"18":{"start":{"line":23,"column":41},"end":{"line":23,"column":53}},"19":{"start":{"line":24,"column":28},"end":{"line":24,"column":68}},"20":{"start":{"line":25,"column":6},"end":{"line":26,"column":null}},"21":{"start":{"line":26,"column":8},"end":{"line":26,"column":null}},"22":{"start":{"line":28,"column":6},"end":{"line":28,"column":null}},"23":{"start":{"line":30,"column":4},"end":{"line":30,"column":null}},"24":{"start":{"line":33,"column":17},"end":{"line":36,"column":null}},"25":{"start":{"line":34,"column":37},"end":{"line":34,"column":57}},"26":{"start":{"line":34,"column":77},"end":{"line":34,"column":93}},"27":{"start":{"line":35,"column":38},"end":{"line":35,"column":70}},"28":{"start":{"line":35,"column":90},"end":{"line":35,"column":106}},"29":{"start":{"line":38,"column":17},"end":{"line":38,"column":106}},"30":{"start":{"line":38,"column":50},"end":{"line":38,"column":105}},"31":{"start":{"line":39,"column":21},"end":{"line":39,"column":null}},"32":{"start":{"line":40,"column":20},"end":{"line":40,"column":94}},"33":{"start":{"line":42,"column":2},"end":{"line":57,"column":null}}},"fnMap":{"0":{"name":"useTransactions","decl":{"start":{"line":3,"column":16},"end":{"line":3,"column":34}},"loc":{"start":{"line":3,"column":34},"end":{"line":57,"column":null}},"line":3},"1":{"name":"(anonymous_1)","decl":{"start":{"line":10,"column":8},"end":{"line":10,"column":26}},"loc":{"start":{"line":10,"column":42},"end":{"line":13,"column":null}},"line":10},"2":{"name":"(anonymous_2)","decl":{"start":{"line":11,"column":4},"end":{"line":11,"column":21}},"loc":{"start":{"line":11,"column":30},"end":{"line":11,"column":52}},"line":11},"3":{"name":"(anonymous_3)","decl":{"start":{"line":16,"column":8},"end":{"line":16,"column":29}},"loc":{"start":{"line":16,"column":41},"end":{"line":18,"column":null}},"line":16},"4":{"name":"(anonymous_4)","decl":{"start":{"line":17,"column":4},"end":{"line":17,"column":21}},"loc":{"start":{"line":17,"column":30},"end":{"line":17,"column":82}},"line":17},"5":{"name":"(anonymous_5)","decl":{"start":{"line":17,"column":35},"end":{"line":17,"column":40}},"loc":{"start":{"line":17,"column":47},"end":{"line":17,"column":82}},"line":17},"6":{"name":"(anonymous_6)","decl":{"start":{"line":21,"column":8},"end":{"line":21,"column":29}},"loc":{"start":{"line":21,"column":36},"end":{"line":30,"column":null}},"line":21},"7":{"name":"(anonymous_7)","decl":{"start":{"line":22,"column":4},"end":{"line":22,"column":21}},"loc":{"start":{"line":22,"column":30},"end":{"line":29,"column":null}},"line":22},"8":{"name":"(anonymous_8)","decl":{"start":{"line":23,"column":27},"end":{"line":23,"column":35}},"loc":{"start":{"line":23,"column":41},"end":{"line":23,"column":53}},"line":23},"9":{"name":"(anonymous_9)","decl":{"start":{"line":34,"column":25},"end":{"line":34,"column":32}},"loc":{"start":{"line":34,"column":37},"end":{"line":34,"column":57}},"line":34},"10":{"name":"(anonymous_10)","decl":{"start":{"line":34,"column":58},"end":{"line":34,"column":66}},"loc":{"start":{"line":34,"column":77},"end":{"line":34,"column":93}},"line":34},"11":{"name":"(anonymous_11)","decl":{"start":{"line":35,"column":26},"end":{"line":35,"column":33}},"loc":{"start":{"line":35,"column":38},"end":{"line":35,"column":70}},"line":35},"12":{"name":"(anonymous_12)","decl":{"start":{"line":35,"column":71},"end":{"line":35,"column":79}},"loc":{"start":{"line":35,"column":90},"end":{"line":35,"column":106}},"line":35},"13":{"name":"(anonymous_13)","decl":{"start":{"line":38,"column":35},"end":{"line":38,"column":41}},"loc":{"start":{"line":38,"column":50},"end":{"line":38,"column":105}},"line":38}},"branchMap":{"0":{"loc":{"start":{"line":17,"column":47},"end":{"line":17,"column":82}},"type":"cond-expr","locations":[{"start":{"line":17,"column":69},"end":{"line":17,"column":79}},{"start":{"line":17,"column":79},"end":{"line":17,"column":82}}],"line":17},"1":{"loc":{"start":{"line":25,"column":6},"end":{"line":26,"column":null}},"type":"if","locations":[{"start":{"line":25,"column":6},"end":{"line":26,"column":null}},{"start":{},"end":{}}],"line":25},"2":{"loc":{"start":{"line":25,"column":10},"end":{"line":25,"column":60}},"type":"binary-expr","locations":[{"start":{"line":25,"column":10},"end":{"line":25,"column":41}},{"start":{"line":25,"column":41},"end":{"line":25,"column":60}}],"line":25},"3":{"loc":{"start":{"line":35,"column":38},"end":{"line":35,"column":70}},"type":"binary-expr","locations":[{"start":{"line":35,"column":38},"end":{"line":35,"column":62}},{"start":{"line":35,"column":62},"end":{"line":35,"column":70}}],"line":35},"4":{"loc":{"start":{"line":39,"column":21},"end":{"line":39,"column":null}},"type":"binary-expr","locations":[{"start":{"line":39,"column":21},"end":{"line":39,"column":60}},{"start":{"line":39,"column":64},"end":{"line":39,"column":null}}],"line":39}},"s":{"0":17,"1":17,"2":17,"3":17,"4":17,"5":17,"6":16,"7":16,"8":16,"9":16,"10":17,"11":2,"12":2,"13":2,"14":2,"15":17,"16":2,"17":2,"18":7,"19":2,"20":2,"21":1,"22":2,"23":2,"24":17,"25":28,"26":1,"27":28,"28":27,"29":17,"30":18,"31":17,"32":17,"33":17},"f":{"0":17,"1":16,"2":16,"3":2,"4":2,"5":2,"6":2,"7":2,"8":7,"9":28,"10":1,"11":28,"12":27,"13":18},"b":{"0":[1,1],"1":[1,1],"2":[2,2],"3":[28,1],"4":[17,7]},"meta":{"lastBranch":5,"lastFunction":14,"lastStatement":34,"seen":{"f:3:16:3:34":0,"s:4:23:4:54":0,"s:5:19:5:48":1,"s:6:19:6:49":2,"s:7:22:7:51":3,"s:8:23:8:Infinity":4,"s:10:8:13:Infinity":5,"f:10:8:10:26":1,"s:11:4:11:Infinity":6,"f:11:4:11:21":2,"s:11:30:11:52":7,"s:12:4:12:Infinity":8,"s:13:4:13:Infinity":9,"s:16:8:18:Infinity":10,"f:16:8:16:29":3,"s:17:4:17:Infinity":11,"f:17:4:17:21":4,"s:17:30:17:82":12,"f:17:35:17:40":5,"s:17:47:17:82":13,"b:17:69:17:79:17:79:17:82":0,"s:18:4:18:Infinity":14,"s:21:8:30:Infinity":15,"f:21:8:21:29":6,"s:22:4:29:Infinity":16,"f:22:4:22:21":7,"s:23:22:23:53":17,"f:23:27:23:35":8,"s:23:41:23:53":18,"s:24:28:24:68":19,"b:25:6:26:Infinity:undefined:undefined:undefined:undefined":1,"s:25:6:26:Infinity":20,"b:25:10:25:41:25:41:25:60":2,"s:26:8:26:Infinity":21,"s:28:6:28:Infinity":22,"s:30:4:30:Infinity":23,"s:33:17:36:Infinity":24,"f:34:25:34:32":9,"s:34:37:34:57":25,"f:34:58:34:66":10,"s:34:77:34:93":26,"f:35:26:35:33":11,"s:35:38:35:70":27,"b:35:38:35:62:35:62:35:70":3,"f:35:71:35:79":12,"s:35:90:35:106":28,"s:38:17:38:106":29,"f:38:35:38:41":13,"s:38:50:38:105":30,"s:39:21:39:Infinity":31,"b:39:21:39:60:39:64:39:Infinity":4,"s:40:20:40:94":32,"s:42:2:57:Infinity":33}}}
,"C:\\Users\\muruna\\expense-tracker\\src\\pages\\Home.jsx": {"path":"C:\\Users\\muruna\\expense-tracker\\src\\pages\\Home.jsx","statementMap":{"0":{"start":{"line":7,"column":23},"end":{"line":7,"column":73}},"1":{"start":{"line":25,"column":4},"end":{"line":26,"column":23}},"2":{"start":{"line":28,"column":8},"end":{"line":28,"column":null}},"3":{"start":{"line":30,"column":2},"end":{"line":30,"column":null}},"4":{"start":{"line":30,"column":16},"end":{"line":30,"column":null}},"5":{"start":{"line":30,"column":72},"end":{"line":30,"column":94}},"6":{"start":{"line":32,"column":2},"end":{"line":41,"column":null}},"7":{"start":{"line":33,"column":4},"end":{"line":41,"column":null}},"8":{"start":{"line":36,"column":33},"end":{"line":36,"column":50}},"9":{"start":{"line":45,"column":2},"end":{"line":118,"column":null}},"10":{"start":{"line":53,"column":33},"end":{"line":53,"column":50}},"11":{"start":{"line":97,"column":20},"end":{"line":104,"column":null}},"12":{"start":{"line":97,"column":50},"end":{"line":97,"column":64}},"13":{"start":{"line":114,"column":39},"end":{"line":114,"column":70}},"14":{"start":{"line":115,"column":39},"end":{"line":115,"column":70}}},"fnMap":{"0":{"name":"Home","decl":{"start":{"line":9,"column":9},"end":{"line":9,"column":16}},"loc":{"start":{"line":9,"column":16},"end":{"line":118,"column":null}},"line":9},"1":{"name":"(anonymous_1)","decl":{"start":{"line":30,"column":58},"end":{"line":30,"column":72}},"loc":{"start":{"line":30,"column":72},"end":{"line":30,"column":94}},"line":30},"2":{"name":"(anonymous_2)","decl":{"start":{"line":36,"column":18},"end":{"line":36,"column":33}},"loc":{"start":{"line":36,"column":33},"end":{"line":36,"column":50}},"line":36},"3":{"name":"(anonymous_3)","decl":{"start":{"line":53,"column":18},"end":{"line":53,"column":33}},"loc":{"start":{"line":53,"column":33},"end":{"line":53,"column":50}},"line":53},"4":{"name":"(anonymous_4)","decl":{"start":{"line":96,"column":39},"end":{"line":96,"column":44}},"loc":{"start":{"line":97,"column":20},"end":{"line":104,"column":null}},"line":97},"5":{"name":"(anonymous_5)","decl":{"start":{"line":97,"column":35},"end":{"line":97,"column":50}},"loc":{"start":{"line":97,"column":50},"end":{"line":97,"column":64}},"line":97},"6":{"name":"(anonymous_6)","decl":{"start":{"line":114,"column":24},"end":{"line":114,"column":39}},"loc":{"start":{"line":114,"column":39},"end":{"line":114,"column":70}},"line":114},"7":{"name":"(anonymous_7)","decl":{"start":{"line":115,"column":24},"end":{"line":115,"column":39}},"loc":{"start":{"line":115,"column":39},"end":{"line":115,"column":70}},"line":115}},"branchMap":{"0":{"loc":{"start":{"line":30,"column":2},"end":{"line":30,"column":null}},"type":"if","locations":[{"start":{"line":30,"column":2},"end":{"line":30,"column":null}},{"start":{},"end":{}}],"line":30},"1":{"loc":{"start":{"line":32,"column":2},"end":{"line":41,"column":null}},"type":"if","locations":[{"start":{"line":32,"column":2},"end":{"line":41,"column":null}},{"start":{},"end":{}}],"line":32},"2":{"loc":{"start":{"line":81,"column":9},"end":{"line":118,"column":null}},"type":"cond-expr","locations":[{"start":{"line":82,"column":10},"end":{"line":84,"column":null}},{"start":{"line":84,"column":10},"end":{"line":118,"column":null}}],"line":81},"3":{"loc":{"start":{"line":99,"column":113},"end":{"line":99,"column":171}},"type":"binary-expr","locations":[{"start":{"line":99,"column":113},"end":{"line":99,"column":143}},{"start":{"line":99,"column":143},"end":{"line":99,"column":171}}],"line":99},"4":{"loc":{"start":{"line":100,"column":70},"end":{"line":100,"column":null}},"type":"cond-expr","locations":[{"start":{"line":100,"column":92},"end":{"line":100,"column":111}},{"start":{"line":100,"column":111},"end":{"line":100,"column":null}}],"line":100},"5":{"loc":{"start":{"line":101,"column":25},"end":{"line":101,"column":58}},"type":"cond-expr","locations":[{"start":{"line":101,"column":47},"end":{"line":101,"column":53}},{"start":{"line":101,"column":53},"end":{"line":101,"column":58}}],"line":101}},"s":{"0":1,"1":11,"2":11,"3":11,"4":0,"5":0,"6":11,"7":1,"8":0,"9":10,"10":1,"11":7,"12":0,"13":2,"14":1},"f":{"0":11,"1":0,"2":0,"3":1,"4":7,"5":0,"6":2,"7":1},"b":{"0":[0,11],"1":[1,10],"2":[3,7],"3":[7,7],"4":[0,7],"5":[0,7]},"meta":{"lastBranch":6,"lastFunction":8,"lastStatement":15,"seen":{"s:7:23:7:73":0,"f:9:9:9:16":0,"s:25:4:26:23":1,"s:28:8:28:Infinity":2,"b:30:2:30:Infinity:undefined:undefined:undefined:undefined":0,"s:30:2:30:Infinity":3,"s:30:16:30:Infinity":4,"f:30:58:30:72":1,"s:30:72:30:94":5,"b:32:2:41:Infinity:undefined:undefined:undefined:undefined":1,"s:32:2:41:Infinity":6,"s:33:4:41:Infinity":7,"f:36:18:36:33":2,"s:36:33:36:50":8,"s:45:2:118:Infinity":9,"f:53:18:53:33":3,"s:53:33:53:50":10,"b:82:10:84:Infinity:84:10:118:Infinity":2,"f:96:39:96:44":4,"s:97:20:104:Infinity":11,"f:97:35:97:50":5,"s:97:50:97:64":12,"b:99:113:99:143:99:143:99:171":3,"b:100:92:100:111:100:111:100:Infinity":4,"b:101:47:101:53:101:53:101:58":5,"f:114:24:114:39":6,"s:114:39:114:70":13,"f:115:24:115:39":7,"s:115:39:115:70":14}}}
}
